Performing C SOURCE FILE Test IS_WNO-UNUSED-CONST-VARIABLE_SUPPORTED failed with the following output:
Change Dir: /home/git/gitlab/vendor/bundle/ruby/2.1.0/gems/rugged-0.21.2/vendor/libgit2/build/CMakeFiles/CMakeTmp

Run Build Command:/usr/bin/make "cmTryCompileExec3530391624/fast"
/usr/bin/make -f CMakeFiles/cmTryCompileExec3530391624.dir/build.make CMakeFiles/cmTryCompileExec3530391624.dir/build
make[1]: Entering directory `/home/git/gitlab/vendor/bundle/ruby/2.1.0/gems/rugged-0.21.2/vendor/libgit2/build/CMakeFiles/CMakeTmp'
/usr/bin/cmake -E cmake_progress_report /home/git/gitlab/vendor/bundle/ruby/2.1.0/gems/rugged-0.21.2/vendor/libgit2/build/CMakeFiles/CMakeTmp/CMakeFiles 1
Building C object CMakeFiles/cmTryCompileExec3530391624.dir/src.c.o
/usr/bin/cc   -D_GNU_SOURCE -Wall -Wextra -fPIC -Wno-missing-field-initializers -Wstrict-aliasing=2 -Wstrict-prototypes -Wdeclaration-after-statement -DIS_WNO-UNUSED-CONST-VARIABLE_SUPPORTED   -Wno-unused-const-variable -o CMakeFiles/cmTryCompileExec3530391624.dir/src.c.o   -c /home/git/gitlab/vendor/bundle/ruby/2.1.0/gems/rugged-0.21.2/vendor/libgit2/build/CMakeFiles/CMakeTmp/src.c
<command-line>:0:7: warning: missing whitespace after the macro name [enabled by default]
cc1: warning: unrecognized command line option "-Wno-unused-const-variable" [enabled by default]
Linking C executable cmTryCompileExec3530391624
/usr/bin/cmake -E cmake_link_script CMakeFiles/cmTryCompileExec3530391624.dir/link.txt --verbose=1
/usr/bin/cc  -D_GNU_SOURCE -Wall -Wextra -fPIC -Wno-missing-field-initializers -Wstrict-aliasing=2 -Wstrict-prototypes -Wdeclaration-after-statement -DIS_WNO-UNUSED-CONST-VARIABLE_SUPPORTED    CMakeFiles/cmTryCompileExec3530391624.dir/src.c.o  -o cmTryCompileExec3530391624 -rdynamic 
make[1]: Leaving directory `/home/git/gitlab/vendor/bundle/ruby/2.1.0/gems/rugged-0.21.2/vendor/libgit2/build/CMakeFiles/CMakeTmp'

Source file was:
int main(void) { return 0; }
Determining if the pthread_create exist failed with the following output:
Change Dir: /home/git/gitlab/vendor/bundle/ruby/2.1.0/gems/rugged-0.21.2/vendor/libgit2/build/CMakeFiles/CMakeTmp

Run Build Command:/usr/bin/make "cmTryCompileExec1531635893/fast"
/usr/bin/make -f CMakeFiles/cmTryCompileExec1531635893.dir/build.make CMakeFiles/cmTryCompileExec1531635893.dir/build
make[1]: Entering directory `/home/git/gitlab/vendor/bundle/ruby/2.1.0/gems/rugged-0.21.2/vendor/libgit2/build/CMakeFiles/CMakeTmp'
/usr/bin/cmake -E cmake_progress_report /home/git/gitlab/vendor/bundle/ruby/2.1.0/gems/rugged-0.21.2/vendor/libgit2/build/CMakeFiles/CMakeTmp/CMakeFiles 1
Building C object CMakeFiles/cmTryCompileExec1531635893.dir/CheckSymbolExists.c.o
/usr/bin/cc   -D_GNU_SOURCE -Wall -Wextra -fPIC -Wno-missing-field-initializers -Wstrict-aliasing=2 -Wstrict-prototypes -Wdeclaration-after-statement -Wno-unused-function    -o CMakeFiles/cmTryCompileExec1531635893.dir/CheckSymbolExists.c.o   -c /home/git/gitlab/vendor/bundle/ruby/2.1.0/gems/rugged-0.21.2/vendor/libgit2/build/CMakeFiles/CMakeTmp/CheckSymbolExists.c
Linking C executable cmTryCompileExec1531635893
/usr/bin/cmake -E cmake_link_script CMakeFiles/cmTryCompileExec1531635893.dir/link.txt --verbose=1
/usr/bin/cc  -D_GNU_SOURCE -Wall -Wextra -fPIC -Wno-missing-field-initializers -Wstrict-aliasing=2 -Wstrict-prototypes -Wdeclaration-after-statement -Wno-unused-function     CMakeFiles/cmTryCompileExec1531635893.dir/CheckSymbolExists.c.o  -o cmTryCompileExec1531635893 -rdynamic 
CMakeFiles/cmTryCompileExec1531635893.dir/CheckSymbolExists.c.o: In function `main':
CheckSymbolExists.c:(.text+0x1b): undefined reference to `pthread_create'
collect2: error: ld returned 1 exit status
make[1]: *** [cmTryCompileExec1531635893] Error 1
make[1]: Leaving directory `/home/git/gitlab/vendor/bundle/ruby/2.1.0/gems/rugged-0.21.2/vendor/libgit2/build/CMakeFiles/CMakeTmp'
make: *** [cmTryCompileExec1531635893/fast] Error 2

File /home/git/gitlab/vendor/bundle/ruby/2.1.0/gems/rugged-0.21.2/vendor/libgit2/build/CMakeFiles/CMakeTmp/CheckSymbolExists.c:
/* */
#include <pthread.h>

int main(int argc, char** argv)
{
  (void)argv;
#ifndef pthread_create
  return ((int*)(&pthread_create))[argc];
#else
  (void)argc;
  return 0;
#endif
}

Determining if the function pthread_create exists in the pthreads failed with the following output:
Change Dir: /home/git/gitlab/vendor/bundle/ruby/2.1.0/gems/rugged-0.21.2/vendor/libgit2/build/CMakeFiles/CMakeTmp

Run Build Command:/usr/bin/make "cmTryCompileExec2388773921/fast"
/usr/bin/make -f CMakeFiles/cmTryCompileExec2388773921.dir/build.make CMakeFiles/cmTryCompileExec2388773921.dir/build
make[1]: Entering directory `/home/git/gitlab/vendor/bundle/ruby/2.1.0/gems/rugged-0.21.2/vendor/libgit2/build/CMakeFiles/CMakeTmp'
/usr/bin/cmake -E cmake_progress_report /home/git/gitlab/vendor/bundle/ruby/2.1.0/gems/rugged-0.21.2/vendor/libgit2/build/CMakeFiles/CMakeTmp/CMakeFiles 1
Building C object CMakeFiles/cmTryCompileExec2388773921.dir/CheckFunctionExists.c.o
/usr/bin/cc   -D_GNU_SOURCE -Wall -Wextra -fPIC -Wno-missing-field-initializers -Wstrict-aliasing=2 -Wstrict-prototypes -Wdeclaration-after-statement -Wno-unused-function -DCHECK_FUNCTION_EXISTS=pthread_create   -o CMakeFiles/cmTryCompileExec2388773921.dir/CheckFunctionExists.c.o   -c /usr/share/cmake-2.8/Modules/CheckFunctionExists.c
/usr/share/cmake-2.8/Modules/CheckFunctionExists.c:3:1: warning: function declaration isn't a prototype [-Wstrict-prototypes]
 char CHECK_FUNCTION_EXISTS();
 ^
Linking C executable cmTryCompileExec2388773921
/usr/bin/cmake -E cmake_link_script CMakeFiles/cmTryCompileExec2388773921.dir/link.txt --verbose=1
/usr/bin/cc  -D_GNU_SOURCE -Wall -Wextra -fPIC -Wno-missing-field-initializers -Wstrict-aliasing=2 -Wstrict-prototypes -Wdeclaration-after-statement -Wno-unused-function -DCHECK_FUNCTION_EXISTS=pthread_create    CMakeFiles/cmTryCompileExec2388773921.dir/CheckFunctionExists.c.o  -o cmTryCompileExec2388773921 -rdynamic -lpthreads 
/usr/bin/ld: cannot find -lpthreads
collect2: error: ld returned 1 exit status
make[1]: *** [cmTryCompileExec2388773921] Error 1
make[1]: Leaving directory `/home/git/gitlab/vendor/bundle/ruby/2.1.0/gems/rugged-0.21.2/vendor/libgit2/build/CMakeFiles/CMakeTmp'
make: *** [cmTryCompileExec2388773921/fast] Error 2


